# JRE version: Java(TM) SE Runtime Environment (8.0_40-b26) (build 1.8.0_40-b26)
# Java VM: Java HotSpot(TM) 64-Bit Server VM (25.40-b25 mixed mode windows-amd64 compressed oops)
Heap:
 PSYoungGen      total 195072K, used 101905K [0x00000000eab00000, 0x00000000fa280000, 0x0000000100000000)
  eden space 142848K, 69% used [0x00000000eab00000,0x00000000f0b556b0,0x00000000f3680000)
  from space 52224K, 6% used [0x00000000f6f80000,0x00000000f72aee18,0x00000000fa280000)
  to   space 55296K, 0% used [0x00000000f3680000,0x00000000f3680000,0x00000000f6c80000)
 ParOldGen       total 163328K, used 137236K [0x00000000c0000000, 0x00000000c9f80000, 0x00000000eab00000)
  object space 163328K, 84% used [0x00000000c0000000,0x00000000c8605048,0x00000000c9f80000)
 Metaspace       used 86847K, capacity 96850K, committed 97024K, reserved 1132544K
  class space    used 10834K, capacity 13796K, committed 13824K, reserved 1048576K
GC Heap History (10 events):
Event: 30919.580 GC heap before
{Heap before GC invocations=43 (full 5):
 PSYoungGen      total 199680K, used 199268K [0x00000000eab00000, 0x00000000fbf80000, 0x0000000100000000)
  eden space 170496K, 100% used [0x00000000eab00000,0x00000000f5180000,0x00000000f5180000)
  from space 29184K, 98% used [0x00000000f5780000,0x00000000f7399028,0x00000000f7400000)
  to   space 56320K, 0% used [0x00000000f8880000,0x00000000f8880000,0x00000000fbf80000)
 ParOldGen       total 163328K, used 89310K [0x00000000c0000000, 0x00000000c9f80000, 0x00000000eab00000)
  object space 163328K, 54% used [0x00000000c0000000,0x00000000c5737b48,0x00000000c9f80000)
 Metaspace       used 86835K, capacity 96850K, committed 97024K, reserved 1132544K
  class space    used 10834K, capacity 13796K, committed 13824K, reserved 1048576K
Event: 30919.592 GC heap after
Heap after GC invocations=43 (full 5):
 PSYoungGen      total 217600K, used 39974K [0x00000000eab00000, 0x00000000fbc80000, 0x0000000100000000)
  eden space 164352K, 0% used [0x00000000eab00000,0x00000000eab00000,0x00000000f4b80000)
  from space 53248K, 75% used [0x00000000f8880000,0x00000000faf89838,0x00000000fbc80000)
  to   space 57856K, 0% used [0x00000000f4b80000,0x00000000f4b80000,0x00000000f8400000)
 ParOldGen       total 163328K, used 89310K [0x00000000c0000000, 0x00000000c9f80000, 0x00000000eab00000)
  object space 163328K, 54% used [0x00000000c0000000,0x00000000c5737b48,0x00000000c9f80000)
 Metaspace       used 86835K, capacity 96850K, committed 97024K, reserved 1132544K
  class space    used 10834K, capacity 13796K, committed 13824K, reserved 1048576K
}
Event: 31023.409 GC heap before
{Heap before GC invocations=44 (full 5):
 PSYoungGen      total 217600K, used 204326K [0x00000000eab00000, 0x00000000fbc80000, 0x0000000100000000)
  eden space 164352K, 100% used [0x00000000eab00000,0x00000000f4b80000,0x00000000f4b80000)
  from space 53248K, 75% used [0x00000000f8880000,0x00000000faf89838,0x00000000fbc80000)
  to   space 57856K, 0% used [0x00000000f4b80000,0x00000000f4b80000,0x00000000f8400000)
 ParOldGen       total 163328K, used 89310K [0x00000000c0000000, 0x00000000c9f80000, 0x00000000eab00000)
  object space 163328K, 54% used [0x00000000c0000000,0x00000000c5737b48,0x00000000c9f80000)
 Metaspace       used 86835K, capacity 96850K, committed 97024K, reserved 1132544K
  class space    used 10834K, capacity 13796K, committed 13824K, reserved 1048576K
Event: 31023.419 GC heap after
Heap after GC invocations=44 (full 5):
 PSYoungGen      total 181760K, used 22820K [0x00000000eab00000, 0x00000000fb400000, 0x0000000100000000)
  eden space 158720K, 0% used [0x00000000eab00000,0x00000000eab00000,0x00000000f4600000)
  from space 23040K, 99% used [0x00000000f4b80000,0x00000000f61c9018,0x00000000f6200000)
  to   space 56320K, 0% used [0x00000000f7d00000,0x00000000f7d00000,0x00000000fb400000)
 ParOldGen       total 163328K, used 95270K [0x00000000c0000000, 0x00000000c9f80000, 0x00000000eab00000)
  object space 163328K, 58% used [0x00000000c0000000,0x00000000c5d09b68,0x00000000c9f80000)
 Metaspace       used 86835K, capacity 96850K, committed 97024K, reserved 1132544K
  class space    used 10834K, capacity 13796K, committed 13824K, reserved 1048576K
}
Event: 31683.682 GC heap before
{Heap before GC invocations=45 (full 5):
 PSYoungGen      total 181760K, used 181540K [0x00000000eab00000, 0x00000000fb400000, 0x0000000100000000)
  eden space 158720K, 100% used [0x00000000eab00000,0x00000000f4600000,0x00000000f4600000)
  from space 23040K, 99% used [0x00000000f4b80000,0x00000000f61c9018,0x00000000f6200000)
  to   space 56320K, 0% used [0x00000000f7d00000,0x00000000f7d00000,0x00000000fb400000)
 ParOldGen       total 163328K, used 95270K [0x00000000c0000000, 0x00000000c9f80000, 0x00000000eab00000)
  object space 163328K, 58% used [0x00000000c0000000,0x00000000c5d09b68,0x00000000c9f80000)
 Metaspace       used 86835K, capacity 96850K, committed 97024K, reserved 1132544K
  class space    used 10834K, capacity 13796K, committed 13824K, reserved 1048576K
Event: 31683.695 GC heap after
Heap after GC invocations=45 (full 5):
 PSYoungGen      total 198656K, used 29439K [0x00000000eab00000, 0x00000000fa980000, 0x0000000100000000)
  eden space 153088K, 0% used [0x00000000eab00000,0x00000000eab00000,0x00000000f4080000)
  from space 45568K, 64% used [0x00000000f7d00000,0x00000000f99bfe58,0x00000000fa980000)
  to   space 53760K, 0% used [0x00000000f4080000,0x00000000f4080000,0x00000000f7500000)
 ParOldGen       total 163328K, used 99529K [0x00000000c0000000, 0x00000000c9f80000, 0x00000000eab00000)
  object space 163328K, 60% used [0x00000000c0000000,0x00000000c61327d8,0x00000000c9f80000)
 Metaspace       used 86835K, capacity 96850K, committed 97024K, reserved 1132544K
  class space    used 10834K, capacity 13796K, committed 13824K, reserved 1048576K
}
Event: 32150.819 GC heap before
{Heap before GC invocations=46 (full 5):
 PSYoungGen      total 198656K, used 182527K [0x00000000eab00000, 0x00000000fa980000, 0x0000000100000000)
  eden space 153088K, 100% used [0x00000000eab00000,0x00000000f4080000,0x00000000f4080000)
  from space 45568K, 64% used [0x00000000f7d00000,0x00000000f99bfe58,0x00000000fa980000)
  to   space 53760K, 0% used [0x00000000f4080000,0x00000000f4080000,0x00000000f7500000)
 ParOldGen       total 163328K, used 99529K [0x00000000c0000000, 0x00000000c9f80000, 0x00000000eab00000)
  object space 163328K, 60% used [0x00000000c0000000,0x00000000c61327d8,0x00000000c9f80000)
 Metaspace       used 86835K, capacity 96850K, committed 97024K, reserved 1132544K
  class space    used 10834K, capacity 13796K, committed 13824K, reserved 1048576K
Event: 32150.826 GC heap after
Heap after GC invocations=46 (full 5):
 PSYoungGen      total 166400K, used 18349K [0x00000000eab00000, 0x00000000fa380000, 0x0000000100000000)
  eden space 147968K, 0% used [0x00000000eab00000,0x00000000eab00000,0x00000000f3b80000)
  from space 18432K, 99% used [0x00000000f4080000,0x00000000f526b638,0x00000000f5280000)
  to   space 53248K, 0% used [0x00000000f6f80000,0x00000000f6f80000,0x00000000fa380000)
 ParOldGen       total 163328K, used 99593K [0x00000000c0000000, 0x00000000c9f80000, 0x00000000eab00000)
  object space 163328K, 60% used [0x00000000c0000000,0x00000000c61427d8,0x00000000c9f80000)
 Metaspace       used 86835K, capacity 96850K, committed 97024K, reserved 1132544K
  class space    used 10834K, capacity 13796K, committed 13824K, reserved 1048576K
}
Event: 32767.079 GC heap before
{Heap before GC invocations=47 (full 5):
 PSYoungGen      total 166400K, used 166317K [0x00000000eab00000, 0x00000000fa380000, 0x0000000100000000)
  eden space 147968K, 100% used [0x00000000eab00000,0x00000000f3b80000,0x00000000f3b80000)
  from space 18432K, 99% used [0x00000000f4080000,0x00000000f526b638,0x00000000f5280000)
  to   space 53248K, 0% used [0x00000000f6f80000,0x00000000f6f80000,0x00000000fa380000)
 ParOldGen       total 163328K, used 99593K [0x00000000c0000000, 0x00000000c9f80000, 0x00000000eab00000)
  object space 163328K, 60% used [0x00000000c0000000,0x00000000c61427d8,0x00000000c9f80000)
 Metaspace       used 86836K, capacity 96850K, committed 97024K, reserved 1132544K
  class space    used 10834K, capacity 13796K, committed 13824K, reserved 1048576K
Event: 32767.095 GC heap after
Heap after GC invocations=47 (full 5):
 PSYoungGen      total 195072K, used 3259K [0x00000000eab00000, 0x00000000fa280000, 0x0000000100000000)
  eden space 142848K, 0% used [0x00000000eab00000,0x00000000eab00000,0x00000000f3680000)
  from space 52224K, 6% used [0x00000000f6f80000,0x00000000f72aee18,0x00000000fa280000)
  to   space 55296K, 0% used [0x00000000f3680000,0x00000000f3680000,0x00000000f6c80000)
 ParOldGen       total 163328K, used 137236K [0x00000000c0000000, 0x00000000c9f80000, 0x00000000eab00000)
  object space 163328K, 84% used [0x00000000c0000000,0x00000000c8605048,0x00000000c9f80000)
 Metaspace       used 86836K, capacity 96850K, committed 97024K, reserved 1132544K
  class space    used 10834K, capacity 13796K, committed 13824K, reserved 1048576K
}

